2021-06-24 15:30:14 [INFO] test_add 数据 [1, 2, 3] (test_calculator_fixture.py:14)
2021-06-24 15:30:14 [INFO] test_add 数据 [0.1, 2e-10, 0.1000000002] (test_calculator_fixture.py:14)
2021-06-24 15:30:14 [INFO] test_add 数据 [-1, -2, -3] (test_calculator_fixture.py:14)
2021-06-24 15:30:14 [INFO] test_add 数据 [100000, 200000, 300000] (test_calculator_fixture.py:14)
2021-06-24 15:30:14 [INFO] test_add 数据 [0, 1, 1] (test_calculator_fixture.py:14)
2021-06-24 15:30:14 [INFO] test_sub 数据 [2, 1, 1] (test_calculator_fixture.py:21)
2021-06-24 15:30:14 [INFO] test_sub 数据 [0.2, 0.1, 0.1] (test_calculator_fixture.py:21)
2021-06-24 15:30:14 [INFO] test_sub 数据 [-2, -1, -1] (test_calculator_fixture.py:21)
2021-06-24 15:30:14 [INFO] test_sub 数据 [20000, 10000, 10000] (test_calculator_fixture.py:21)
2021-06-24 15:30:14 [INFO] test_sub 数据 [0, 1, -1] (test_calculator_fixture.py:21)
2021-06-24 15:30:14 [INFO] test_mul 数据 [1, 2, 2] (test_calculator_fixture.py:28)
2021-06-24 15:30:14 [INFO] test_mul 数据 [0.1, 0.2, 0.02] (test_calculator_fixture.py:28)
2021-06-24 15:30:14 [INFO] test_mul 数据 [-1, -2, 2] (test_calculator_fixture.py:28)
2021-06-24 15:30:14 [INFO] test_mul 数据 [100000, 300000, 30000000000] (test_calculator_fixture.py:28)
2021-06-24 15:30:14 [INFO] test_mul 数据 [0, 2, 0] (test_calculator_fixture.py:28)
2021-06-24 15:30:14 [INFO] test_div 数据 [2, 1, 2] (test_calculator_fixture.py:35)
2021-06-24 15:30:14 [INFO] test_div 数据 [0.1, 0.2, 0.5] (test_calculator_fixture.py:35)
2021-06-24 15:30:14 [INFO] test_div 数据 [-2, -2, 1] (test_calculator_fixture.py:35)
2021-06-24 15:30:14 [INFO] test_div 数据 [300000, 100000, 3] (test_calculator_fixture.py:35)
2021-06-24 15:30:14 [INFO] test_div 数据 [2, 0, 0] (test_calculator_fixture.py:35)
